Using pre-set license
Built from '2020.2/release' branch; Version is '2020.2.0f1 (3721df5a8b28) revision 3613151'; Using compiler version '192528614'; Build Type 'Release'
OS: 'Windows 10  (10.0.0) 64bit' Language: 'pt' Physical Memory: 16318 MB
BatchMode: 1, IsHumanControllingUs: 0, StartBugReporterOnCrash: 0, Is64bit: 1, IsPro: 0

 COMMAND LINE ARGUMENTS:
C:\Program Files\Unity\Hub\Editor\2020.2.0f1\Editor\Unity.exe
-adb2
-batchMode
-noUpm
-name
AssetImportWorker0
-projectPath
C:/Users/calex/Documents/Working Overtime
-logFile
Logs/AssetImportWorker0.log
-srvPort
50435
Successfully changed project path to: C:/Users/calex/Documents/Working Overtime
C:/Users/calex/Documents/Working Overtime
Using Asset Import Pipeline V2.
Refreshing native plugins compatible for Editor in 23.64 ms, found 0 plugins.
Preloading 0 native plugins for Editor in 0.00 ms.
Initialize engine version: 2020.2.0f1 (3721df5a8b28)
[Subsystems] Discovering subsystems at path C:/Program Files/Unity/Hub/Editor/2020.2.0f1/Editor/Data/Resources/UnitySubsystems
[Subsystems] Discovering subsystems at path C:/Users/calex/Documents/Working Overtime/Assets
GfxDevice: creating device client; threaded=0
Direct3D:
    Version:  Direct3D 11.0 [level 11.1]
    Renderer: NVIDIA GeForce GTX 1060 6GB (ID=0x1c03)
    Vendor:   
    VRAM:     6052 MB
    Driver:   27.21.14.6079
Initialize mono
Mono path[0] = 'C:/Program Files/Unity/Hub/Editor/2020.2.0f1/Editor/Data/Managed'
Mono path[1] = 'C:/Program Files/Unity/Hub/Editor/2020.2.0f1/Editor/Data/MonoBleedingEdge/lib/mono/unityjit'
Mono config path = 'C:/Program Files/Unity/Hub/Editor/2020.2.0f1/Editor/Data/MonoBleedingEdge/etc'
Using monoOptions --debugger-agent=transport=dt_socket,embedding=1,server=y,suspend=n,address=127.0.0.1:56264
Begin MonoManager ReloadAssembly
Registering precompiled unity dll's ...
Register platform support module: C:/Program Files/Unity/Hub/Editor/2020.2.0f1/Editor/Data/PlaybackEngines/WebGLSupport/UnityEditor.WebGL.Extensions.dll
Register platform support module: C:/Program Files/Unity/Hub/Editor/2020.2.0f1/Editor/Data/PlaybackEngines/WindowsStandaloneSupport/UnityEditor.WindowsStandalone.Extensions.dll
Registered in 0.002846 seconds.
Native extension for WindowsStandalone target not found
Native extension for WebGL target not found
Refreshing native plugins compatible for Editor in 23.95 ms, found 0 plugins.
Preloading 0 native plugins for Editor in 0.00 ms.
Invoked RoslynAnalysisRunner static constructor.
RoslynAnalysisRunner will not be running.
RoslynAnalysisRunner has terminated.
Mono: successfully reloaded assembly
- Completed reload, in  1.411 seconds
Platform modules already initialized, skipping
Registering precompiled user dll's ...
Registered in 0.000922 seconds.
Begin MonoManager ReloadAssembly
Native extension for WindowsStandalone target not found
Native extension for WebGL target not found
Refreshing native plugins compatible for Editor in 0.22 ms, found 0 plugins.
Preloading 0 native plugins for Editor in 0.00 ms.
Invoked RoslynAnalysisRunner static constructor.
RoslynAnalysisRunner will not be running.
RoslynAnalysisRunner has terminated.
Mono: successfully reloaded assembly
- Completed reload, in  0.856 seconds
Platform modules already initialized, skipping
========================================================================
Worker process is ready to serve import requests
Launched and connected shader compiler UnityShaderCompiler.exe after 0.03 seconds
Refreshing native plugins compatible for Editor in 0.21 ms, found 0 plugins.
Preloading 0 native plugins for Editor in 0.00 ms.
Unloading 1096 Unused Serialized files (Serialized files now loaded: 0)
System memory in use before: 56.6 MB.
System memory in use after: 56.6 MB.

Unloading 10 unused Assets to reduce memory usage. Loaded Objects now: 1537.
Total: 1.752200 ms (FindLiveObjects: 0.148200 ms CreateObjectMapping: 0.027000 ms MarkObjects: 1.504000 ms  DeleteObjects: 0.071800 ms)

========================================================================
Received Import Request.
  path: Assets/Materials/PlayerMaterial.mat
  artifactKey: Guid(9c460df1a074f284aa1a74f311cdb919) Importer(815301076,1909f56bfc062723c751e8b465ee728b)
Start importing Assets/Materials/PlayerMaterial.mat using Guid(9c460df1a074f284aa1a74f311cdb919) Importer(815301076,1909f56bfc062723c751e8b465ee728b)  -> (artifact id: 'ba650716d8fadb673c5b53899cb8e409') in 0.107963 seconds
  Import took 0.109932 seconds .

========================================================================
Received Import Request.
  Time since last request: 0.000208 seconds.
  path: Assets/Materials/MensRoomFloor.mat
  artifactKey: Guid(de36890964edd4d41954b659d3a22b8e) Importer(815301076,1909f56bfc062723c751e8b465ee728b)
Start importing Assets/Materials/MensRoomFloor.mat using Guid(de36890964edd4d41954b659d3a22b8e) Importer(815301076,1909f56bfc062723c751e8b465ee728b)  -> (artifact id: '15c86ea715be8876245412d571ba6e5a') in 0.009242 seconds
  Import took 0.011673 seconds .

========================================================================
Received Import Request.
  Time since last request: 0.000238 seconds.
  path: Assets/Materials/WaitingRoomFloor.mat
  artifactKey: Guid(3868ba036bdf8cf41a7aa0f42cfedea0) Importer(815301076,1909f56bfc062723c751e8b465ee728b)
Start importing Assets/Materials/WaitingRoomFloor.mat using Guid(3868ba036bdf8cf41a7aa0f42cfedea0) Importer(815301076,1909f56bfc062723c751e8b465ee728b)  -> (artifact id: 'baa9e81995d189323cafbe4f81fc73d4') in 0.009067 seconds
  Import took 0.011024 seconds .

========================================================================
Received Import Request.
  Time since last request: 0.000278 seconds.
  path: Assets/Materials/CorridorFloor.mat
  artifactKey: Guid(5fd9b8795cfaac74b886698dfd5a0cfd) Importer(815301076,1909f56bfc062723c751e8b465ee728b)
Start importing Assets/Materials/CorridorFloor.mat using Guid(5fd9b8795cfaac74b886698dfd5a0cfd) Importer(815301076,1909f56bfc062723c751e8b465ee728b)  -> (artifact id: 'd9d1a7f2327cdee58ab1feb1ce826aa2') in 0.008726 seconds
  Import took 0.010644 seconds .

========================================================================
Received Import Request.
  Time since last request: 0.000170 seconds.
  path: Assets/Materials/LadiesRoomFloor.mat
  artifactKey: Guid(9a1796dc658aeb04982139ca8e8cf407) Importer(815301076,1909f56bfc062723c751e8b465ee728b)
Start importing Assets/Materials/LadiesRoomFloor.mat using Guid(9a1796dc658aeb04982139ca8e8cf407) Importer(815301076,1909f56bfc062723c751e8b465ee728b)  -> (artifact id: '74cefb3f9b92f05beb6ee2a6096b7470') in 0.008358 seconds
  Import took 0.010164 seconds .

========================================================================
Received Import Request.
  Time since last request: 2.159013 seconds.
  path: Assets/Materials/Walls.mat
  artifactKey: Guid(b5ddae6887dbdf44b89e5a290c658768) Importer(815301076,1909f56bfc062723c751e8b465ee728b)
Start importing Assets/Materials/Walls.mat using Guid(b5ddae6887dbdf44b89e5a290c658768) Importer(815301076,1909f56bfc062723c751e8b465ee728b)  -> (artifact id: 'd75ddeddfff885891855ea82ed463bda') in 0.008176 seconds
  Import took 0.010379 seconds .

========================================================================
Received Prepare
Registering precompiled user dll's ...
Registered in 0.000809 seconds.
Begin MonoManager ReloadAssembly
Native extension for WindowsStandalone target not found
Native extension for WebGL target not found
Refreshing native plugins compatible for Editor in 0.22 ms, found 0 plugins.
Preloading 0 native plugins for Editor in 0.00 ms.
Invoked RoslynAnalysisRunner static constructor.
RoslynAnalysisRunner will not be running.
RoslynAnalysisRunner has terminated.
Mono: successfully reloaded assembly
- Completed reload, in  0.805 seconds
Platform modules already initialized, skipping
Refreshing native plugins compatible for Editor in 0.32 ms, found 0 plugins.
Preloading 0 native plugins for Editor in 0.00 ms.
Unloading 1091 Unused Serialized files (Serialized files now loaded: 0)
System memory in use before: 60.0 MB.
System memory in use after: 60.1 MB.

Unloading 5 unused Assets to reduce memory usage. Loaded Objects now: 1579.
Total: 1.619800 ms (FindLiveObjects: 0.179400 ms CreateObjectMapping: 0.027600 ms MarkObjects: 1.364300 ms  DeleteObjects: 0.047400 ms)

========================================================================
Received Import Request.
  Time since last request: 1786.310166 seconds.
  path: Assets/Materials/Walls.mat
  artifactKey: Guid(b5ddae6887dbdf44b89e5a290c658768) Importer(815301076,1909f56bfc062723c751e8b465ee728b)
Start importing Assets/Materials/Walls.mat using Guid(b5ddae6887dbdf44b89e5a290c658768) Importer(815301076,1909f56bfc062723c751e8b465ee728b)  -> (artifact id: 'e89beb64d351259082c86befb4bf93a8') in 0.060056 seconds
  Import took 0.062387 seconds .

AssetImportWorkerClient::OnTransportError - code=2 error=End of file
