Using pre-set license
Built from '2020.2/release' branch; Version is '2020.2.0f1 (3721df5a8b28) revision 3613151'; Using compiler version '192528614'; Build Type 'Release'
OS: 'Windows 10  (10.0.0) 64bit' Language: 'pt' Physical Memory: 16318 MB
BatchMode: 1, IsHumanControllingUs: 0, StartBugReporterOnCrash: 0, Is64bit: 1, IsPro: 0

 COMMAND LINE ARGUMENTS:
C:\Program Files\Unity\Hub\Editor\2020.2.0f1\Editor\Unity.exe
-adb2
-batchMode
-noUpm
-name
AssetImportWorker0
-projectPath
C:/Users/calex/Documents/Working Overtime
-logFile
Logs/AssetImportWorker0.log
-srvPort
56888
Successfully changed project path to: C:/Users/calex/Documents/Working Overtime
C:/Users/calex/Documents/Working Overtime
Using Asset Import Pipeline V2.
Refreshing native plugins compatible for Editor in 25.73 ms, found 0 plugins.
Preloading 0 native plugins for Editor in 0.00 ms.
Initialize engine version: 2020.2.0f1 (3721df5a8b28)
[Subsystems] Discovering subsystems at path C:/Program Files/Unity/Hub/Editor/2020.2.0f1/Editor/Data/Resources/UnitySubsystems
[Subsystems] Discovering subsystems at path C:/Users/calex/Documents/Working Overtime/Assets
GfxDevice: creating device client; threaded=0
Direct3D:
    Version:  Direct3D 11.0 [level 11.1]
    Renderer: NVIDIA GeForce GTX 1060 6GB (ID=0x1c03)
    Vendor:   
    VRAM:     6052 MB
    Driver:   27.21.14.6079
Initialize mono
Mono path[0] = 'C:/Program Files/Unity/Hub/Editor/2020.2.0f1/Editor/Data/Managed'
Mono path[1] = 'C:/Program Files/Unity/Hub/Editor/2020.2.0f1/Editor/Data/MonoBleedingEdge/lib/mono/unityjit'
Mono config path = 'C:/Program Files/Unity/Hub/Editor/2020.2.0f1/Editor/Data/MonoBleedingEdge/etc'
Using monoOptions --debugger-agent=transport=dt_socket,embedding=1,server=y,suspend=n,address=127.0.0.1:56156
Begin MonoManager ReloadAssembly
Registering precompiled unity dll's ...
Register platform support module: C:/Program Files/Unity/Hub/Editor/2020.2.0f1/Editor/Data/PlaybackEngines/WebGLSupport/UnityEditor.WebGL.Extensions.dll
Register platform support module: C:/Program Files/Unity/Hub/Editor/2020.2.0f1/Editor/Data/PlaybackEngines/WindowsStandaloneSupport/UnityEditor.WindowsStandalone.Extensions.dll
Registered in 0.002073 seconds.
Native extension for WindowsStandalone target not found
Native extension for WebGL target not found
Refreshing native plugins compatible for Editor in 24.37 ms, found 0 plugins.
Preloading 0 native plugins for Editor in 0.00 ms.
Invoked RoslynAnalysisRunner static constructor.
RoslynAnalysisRunner will not be running.
RoslynAnalysisRunner has terminated.
Mono: successfully reloaded assembly
- Completed reload, in  1.233 seconds
Platform modules already initialized, skipping
Registering precompiled user dll's ...
Registered in 0.000658 seconds.
Begin MonoManager ReloadAssembly
Native extension for WindowsStandalone target not found
Native extension for WebGL target not found
Refreshing native plugins compatible for Editor in 0.21 ms, found 0 plugins.
Preloading 0 native plugins for Editor in 0.00 ms.
Invoked RoslynAnalysisRunner static constructor.
RoslynAnalysisRunner will not be running.
RoslynAnalysisRunner has terminated.
Mono: successfully reloaded assembly
- Completed reload, in  0.844 seconds
Platform modules already initialized, skipping
========================================================================
Worker process is ready to serve import requests
Launched and connected shader compiler UnityShaderCompiler.exe after 0.03 seconds
Refreshing native plugins compatible for Editor in 0.32 ms, found 0 plugins.
Preloading 0 native plugins for Editor in 0.00 ms.
Unloading 1095 Unused Serialized files (Serialized files now loaded: 0)
System memory in use before: 56.5 MB.
System memory in use after: 56.5 MB.

Unloading 10 unused Assets to reduce memory usage. Loaded Objects now: 1536.
Total: 1.977900 ms (FindLiveObjects: 0.201800 ms CreateObjectMapping: 0.031500 ms MarkObjects: 1.657200 ms  DeleteObjects: 0.085700 ms)

========================================================================
Received Import Request.
  path: Assets/Scenes/SampleScene.unity
  artifactKey: Guid(9fc0d4010bbf28b4594072e72b8655ab) Importer(815301076,1909f56bfc062723c751e8b465ee728b)
Start importing Assets/Scenes/SampleScene.unity using Guid(9fc0d4010bbf28b4594072e72b8655ab) Importer(815301076,1909f56bfc062723c751e8b465ee728b)  -> (artifact id: 'b1ee5f15765fc3f879c6298f5efbb811') in 0.012946 seconds
  Import took 0.015190 seconds .

========================================================================
Received Import Request.
  Time since last request: 419.490611 seconds.
  path: Assets/KitchenFloor.mat
  artifactKey: Guid(90b843167a9a5f14c936d9ec85181ec2) Importer(815301076,1909f56bfc062723c751e8b465ee728b)
Start importing Assets/KitchenFloor.mat using Guid(90b843167a9a5f14c936d9ec85181ec2) Importer(815301076,1909f56bfc062723c751e8b465ee728b)  -> (artifact id: '832be4ce82d7c0f3f6d6fb7de8ea8ed6') in 0.117888 seconds
  Import took 0.120445 seconds .

========================================================================
Received Import Request.
  Time since last request: 0.000226 seconds.
  path: Assets/VicePresidentFloor.mat
  artifactKey: Guid(b86eeadb2a823a446a991cd2743a45e5) Importer(815301076,1909f56bfc062723c751e8b465ee728b)
Start importing Assets/VicePresidentFloor.mat using Guid(b86eeadb2a823a446a991cd2743a45e5) Importer(815301076,1909f56bfc062723c751e8b465ee728b)  -> (artifact id: 'c9dbfc61b734acc18d56c66420b9efdc') in 0.009412 seconds
  Import took 0.011249 seconds .

========================================================================
Received Import Request.
  Time since last request: 0.000238 seconds.
  path: Assets/PresidentRoomFloor.mat
  artifactKey: Guid(979d120da9988b64189b46d38513316a) Importer(815301076,1909f56bfc062723c751e8b465ee728b)
Start importing Assets/PresidentRoomFloor.mat using Guid(979d120da9988b64189b46d38513316a) Importer(815301076,1909f56bfc062723c751e8b465ee728b)  -> (artifact id: '177951fd7e4386a0c7e5e321d378b3db') in 0.008736 seconds
  Import took 0.011604 seconds .

